<?xml version="1.0" encoding="UTF-8"?>
<!-- Generated by org.testng.reporters.JUnitReportReporter -->
<testsuite skipped="0" hostname="SHAIL-PC" name="ThreadConcept.Thread.Tthread" tests="2" failures="0" timestamp="14 Jul 2020 13:58:30 GMT" time="0.078" errors="0">
  <testcase name="thread2" time="0.007" classname="ThreadConcept.Thread.Tthread"/>
  <testcase name="thread1" time="0.071" classname="ThreadConcept.Thread.Tthread"/>
</testsuite> <!-- ThreadConcept.Thread.Tthread -->
