<?xml version="1.0" encoding="UTF-8"?>
<!-- Generated by org.testng.reporters.JUnitReportReporter -->
<testsuite skipped="0" hostname="SHAIL-PC" name="ThreadConcept.Thread.AppTest" tests="1" failures="0" timestamp="15 Jul 2020 12:48:11 GMT" time="0.019" errors="0">
  <testcase name="shouldAnswerWithTrue" time="0.019" classname="ThreadConcept.Thread.AppTest"/>
</testsuite> <!-- ThreadConcept.Thread.AppTest -->
